<?xml version="1.0" encoding="UTF-8"?>
<testng-results skipped="0" failed="0" total="1" passed="1">
  <reporter-output>
  </reporter-output>
  <suite name="Surefire suite" duration-ms="71" started-at="2020-04-21T06:59:14Z" finished-at="2020-04-21T06:59:15Z">
    <groups>
    </groups>
    <test name="Surefire test" duration-ms="71" started-at="2020-04-21T06:59:14Z" finished-at="2020-04-21T06:59:15Z">
      <class name="qaclickacademy.AppTest">
        <test-method status="PASS" signature="testApp()[pri:0, instance:testApp(qaclickacademy.AppTest)]" name="testApp" duration-ms="5" started-at="2020-04-21T12:29:15Z" finished-at="2020-04-21T12:29:15Z">
          <reporter-output>
          </reporter-output>
        </test-method> <!-- testApp -->
      </class> <!-- qaclickacademy.AppTest -->
    </test> <!-- Surefire test -->
  </suite> <!-- Surefire suite -->
</testng-results>
