<?xml version="1.0" encoding="UTF-8"?>
<testng-results skipped="0" failed="0" total="2" passed="2">
  <reporter-output>
  </reporter-output>
  <suite name="Surefire suite" duration-ms="27" started-at="2020-04-21T07:06:22Z" finished-at="2020-04-21T07:06:22Z">
    <groups>
    </groups>
    <test name="Surefire test" duration-ms="27" started-at="2020-04-21T07:06:22Z" finished-at="2020-04-21T07:06:22Z">
      <class name="qaclickacademy.AppiumTest">
        <test-method status="PASS" signature="IOSApps()[pri:0, instance:qaclickacademy.AppiumTest@2cb4c3ab]" name="IOSApps" duration-ms="10" started-at="2020-04-21T12:36:22Z" finished-at="2020-04-21T12:36:22Z">
          <reporter-output>
          </reporter-output>
        </test-method> <!-- IOSApps -->
        <test-method status="PASS" signature="NativeAppAndroid()[pri:0, instance:qaclickacademy.AppiumTest@2cb4c3ab]" name="NativeAppAndroid" duration-ms="0" started-at="2020-04-21T12:36:22Z" finished-at="2020-04-21T12:36:22Z">
          <reporter-output>
          </reporter-output>
        </test-method> <!-- NativeAppAndroid -->
      </class> <!-- qaclickacademy.AppiumTest -->
    </test> <!-- Surefire test -->
  </suite> <!-- Surefire suite -->
</testng-results>
